2022-10-30 00:43:27,001 INFO Заполнение 1-ой фигуры
2022-10-30 00:43:30,400 ERROR Value is not a number
Traceback (most recent call last):
  File "D:\2 курс\Мое\Прикладное программирование\6 Лабораторная работа\input.py", line 117, in __input_int
    num = int(input(msg))
ValueError: invalid literal for int() with base 10: 'one'
2022-10-30 00:43:31,352 INFO Выберите фигуру из доступных: 
2022-10-30 00:43:31,353 ERROR Value is not in range [1, 4]
2022-10-30 00:43:33,007 INFO Выберите фигуру из доступных: 
2022-10-30 00:43:33,009 INFO Выбрана фигура: knight
2022-10-30 00:43:35,628 INFO Введите номер вертикали: 
2022-10-30 00:43:35,628 INFO Выбрана вертикаль: 3
2022-10-30 00:45:11,041 INFO Введите номер горизонтали: 
2022-10-30 00:45:11,042 INFO Выбрана горизонталь: 3
2022-10-30 00:45:11,068 INFO Заполнение 2-ой фигуры
2022-10-30 00:45:11,069 INFO Выбрана фигура: pawn
2022-10-30 00:45:34,337 INFO Введите номер вертикали: 
2022-10-30 00:45:34,338 INFO Выбрана вертикаль: 5
2022-10-30 00:46:00,761 INFO Введите номер горизонтали: 
2022-10-30 00:46:00,762 INFO Выбрана горизонталь: 7
2022-10-30 00:46:00,797 INFO Результаты
2022-10-30 00:46:00,799 INFO Отрисована шахматная доска
2022-10-30 00:46:00,800 INFO а) Поля фигур имеют одинаковый цвет.
2022-10-30 00:46:00,800 INFO б) Фигура на клетке C3 не угрожает фигуре на клетке E7.
2022-10-30 00:46:00,800 INFO в) Фигура на клетке C3 может срубить фигуру на клетке C3 за два хода через данную клетку: D5.
2022-10-30 00:48:04,494 INFO Попробовать ещё раз? (Y/N) (Д/Н)
2022-10-30 00:48:04,495 INFO Выбран символ: y
2022-10-30 00:48:04,521 INFO Заполнение 1-ой фигуры
2022-10-30 00:48:22,260 INFO Выберите фигуру из доступных: 
2022-10-30 00:48:22,260 INFO Выбрана фигура: queen
2022-10-30 00:48:43,006 INFO Введите номер вертикали: 
2022-10-30 00:48:43,007 INFO Выбрана вертикаль: 5
2022-10-30 00:49:04,269 INFO Введите номер горизонтали: 
2022-10-30 00:49:04,270 INFO Выбрана горизонталь: 2
2022-10-30 00:49:04,295 INFO Заполнение 2-ой фигуры
2022-10-30 00:49:04,295 INFO Выбрана фигура: pawn
2022-10-30 00:49:23,638 INFO Введите номер вертикали: 
2022-10-30 00:49:23,639 INFO Выбрана вертикаль: 4
2022-10-30 00:50:03,387 INFO Введите номер горизонтали: 
2022-10-30 00:50:03,387 INFO Выбрана горизонталь: 5
2022-10-30 00:50:03,415 INFO Результаты
2022-10-30 00:50:03,418 INFO Отрисована шахматная доска
2022-10-30 00:50:03,418 INFO а) Поля фигур имеют одинаковый цвет.
2022-10-30 00:50:03,418 INFO б) Фигура на клетке E2 не угрожает фигуре на клетке D5.
2022-10-30 00:50:03,419 INFO в) Фигура на клетке E2 может срубить фигуру на клетке E2 за два хода через данные клетки: F3, C4, E5, D2.
2022-10-30 00:51:21,783 INFO Попробовать ещё раз? (Y/N) (Д/Н)
2022-10-30 00:51:21,783 INFO Выбран символ: n
2022-10-30 00:58:21,613 INFO Заполнение 1-ой фигуры
2022-10-30 00:58:26,257 INFO Выберите фигуру из доступных: 
2022-10-30 00:58:26,257 INFO Выбрана фигура: bishop
2022-10-30 00:58:27,573 INFO Введите номер вертикали: 
2022-10-30 00:58:27,573 INFO Выбрана вертикаль: 2
2022-10-30 00:58:28,717 INFO Введите номер горизонтали: 
2022-10-30 00:58:28,717 INFO Выбрана горизонталь: 2
2022-10-30 00:58:28,741 INFO Заполнение 2-ой фигуры
2022-10-30 00:58:28,741 INFO Выбрана фигура: pawn
2022-10-30 00:58:30,701 INFO Введите номер вертикали: 
2022-10-30 00:58:30,702 INFO Выбрана вертикаль: 3
2022-10-30 00:58:31,647 INFO Введите номер горизонтали: 
2022-10-30 00:58:31,647 INFO Выбрана горизонталь: 4
2022-10-30 00:58:31,675 INFO Результаты
2022-10-30 00:58:31,678 INFO Отрисована шахматная доска
2022-10-30 00:58:31,678 INFO а) Поля фигур имеют разный цвет.
2022-10-30 00:58:31,678 INFO б) Фигура на клетке B2 не угрожает фигуре на клетке C4.
2022-10-30 00:58:31,678 INFO в) Фигура на клетке B2 не может срубить фигуру на клетке B2 за два хода.
2022-10-30 00:58:34,816 INFO Попробовать ещё раз? (Y/N) (Д/Н)
2022-10-30 00:58:34,816 ERROR Value must be one of the options: ('y', 'n', 'д', 'н')
2022-10-30 00:59:09,563 INFO Попробовать ещё раз? (Y/N) (Д/Н)
2022-10-30 00:59:09,563 INFO Выбран символ: n
